[22:31:49] [Client thread/INFO]: Setting user: Player775
[22:31:55] [Client thread/WARN]: Skipping bad option: lastServer:
[22:31:55] [Client thread/INFO]: LWJGL Version: 2.9.4
[22:31:58] [Client thread/INFO]: [STDOUT]: ---- Minecraft Crash Report ----
// Ooh. Shiny.

Time: 3/8/17 10:31 PM
Description: Loading screen debug info

This is just a prompt for computer specs to be printed. THIS IS NOT A ERROR


A detailed walkthrough of the error, its code path and all known details is as follows:
---------------------------------------------------------------------------------------

-- System Details --
Details:
	Minecraft Version: 1.11.2
	Operating System: Windows 10 (amd64) version 10.0
	Java Version: 1.8.0_121, Oracle Corporation
	Java VM Version: Java HotSpot(TM) 64-Bit Server VM (mixed mode), Oracle Corporation
	Memory: 471877984 bytes (450 MB) / 821035008 bytes (783 MB) up to 3808428032 bytes (3632 MB)
	JVM Flags: 0 total; 
	IntCache: cache: 0, tcache: 0, allocated: 0, tallocated: 0
	FML: 
	Loaded coremods (and transformers): 
	GL info: ' Vendor: 'NVIDIA Corporation' Version: '4.5.0 NVIDIA 378.66' Renderer: 'GeForce GTX 960/PCIe/SSE2'
[22:32:02] [Client thread/INFO]: Reloading ResourceManager: Default, FMLFileResourcePack:Forge Mod Loader, FMLFileResourcePack:Minecraft Forge, FMLFileResourcePack:Machine Magic, FMLFileResourcePack:Example Mod
[22:32:02] [Client thread/INFO]: [STDOUT]: Machine Magic is loading!
[22:32:09] [Sound Library Loader/INFO]: Starting up SoundSystem...
[22:32:09] [Thread-8/INFO]: Initializing LWJGL OpenAL
[22:32:09] [Thread-8/INFO]: (The LWJGL binding of OpenAL.  For more information, see http://www.lwjgl.org)
[22:32:10] [Thread-8/INFO]: OpenAL initialized.
[22:32:10] [Sound Library Loader/INFO]: Sound engine started
[22:32:19] [Client thread/INFO]: Created: 16x16 textures-atlas
[22:32:20] [Client thread/INFO]: [STDOUT]: Machine Magic is loading reciepes!
[22:32:20] [Client thread/INFO]: [STDOUT]: DIRT BLOCK >> tile.dirt
[22:32:21] [Client thread/INFO]: [STDOUT]: Machine Magic is interacting!
[22:32:21] [Client thread/INFO]: Reloading ResourceManager: Default, FMLFileResourcePack:Forge Mod Loader, FMLFileResourcePack:Minecraft Forge, FMLFileResourcePack:Machine Magic, FMLFileResourcePack:Example Mod
[22:32:28] [Client thread/INFO]: SoundSystem shutting down...
[22:32:28] [Client thread/WARN]: Author: Paul Lamb, www.paulscode.com
[22:32:28] [Sound Library Loader/INFO]: Starting up SoundSystem...
[22:32:28] [Thread-10/INFO]: Initializing LWJGL OpenAL
[22:32:28] [Thread-10/INFO]: (The LWJGL binding of OpenAL.  For more information, see http://www.lwjgl.org)
[22:32:28] [Thread-10/INFO]: OpenAL initialized.
[22:32:28] [Sound Library Loader/INFO]: Sound engine started
[22:32:42] [Client thread/INFO]: Created: 512x512 textures-atlas
[22:32:46] [Client thread/WARN]: Skipping bad option: lastServer:
[22:32:48] [Realms Notification Availability checker #1/INFO]: Could not authorize you against Realms server: Invalid session id
[22:33:14] [Client thread/INFO]: Deleting level New World
[22:33:14] [Client thread/INFO]: Attempt 1...
[22:33:22] [Server thread/INFO]: Starting integrated minecraft server version 1.11.2
[22:33:22] [Server thread/INFO]: Generating keypair
[22:33:25] [Server thread/INFO]: Preparing start region for level 0
[22:33:26] [Server thread/INFO]: Preparing spawn area: 59%
[22:33:27] [Server thread/INFO]: Changing view distance to 32, from 10
[22:33:28] [Server thread/INFO]: Player775[local:E:8fc7f7bd] logged in with entity id 56 at (-314.5, 4.0, 1958.5)
[22:33:28] [Server thread/INFO]: Player775 joined the game
[22:33:31] [Server thread/INFO]: Saving and pausing game...
[22:33:31] [Server thread/INFO]: Saving chunks for level 'New World'/Overworld
[22:33:31] [Server thread/INFO]: Saving chunks for level 'New World'/Nether
[22:33:31] [Server thread/INFO]: Saving chunks for level 'New World'/The End
[22:33:31] [Server thread/WARN]: Can't keep up! Did the system time change, or is the server overloaded? Running 3128ms behind, skipping 62 tick(s)
[22:33:32] [pool-2-thread-1/WARN]: Couldn't look up profile properties for com.mojang.authlib.GameProfile@939ef00[id=ab00b123-8131-3d14-9be8-b41089c89fbc,name=Player775,properties={},legacy=false]
com.mojang.authlib.exceptions.AuthenticationException: The client has sent too many requests within a certain amount of time
	at com.mojang.authlib.yggdrasil.YggdrasilAuthenticationService.makeRequest(YggdrasilAuthenticationService.java:79) ~[YggdrasilAuthenticationService.class:?]
	at com.mojang.authlib.yggdrasil.YggdrasilMinecraftSessionService.fillGameProfile(YggdrasilMinecraftSessionService.java:180) [YggdrasilMinecraftSessionService.class:?]
	at com.mojang.authlib.yggdrasil.YggdrasilMinecraftSessionService$1.load(YggdrasilMinecraftSessionService.java:60) [YggdrasilMinecraftSessionService$1.class:?]
	at com.mojang.authlib.yggdrasil.YggdrasilMinecraftSessionService$1.load(YggdrasilMinecraftSessionService.java:57) [YggdrasilMinecraftSessionService$1.class:?]
	at com.google.common.cache.LocalCache$LoadingValueReference.loadFuture(LocalCache.java:3524) [guava-17.0.jar:?]
	at com.google.common.cache.LocalCache$Segment.loadSync(LocalCache.java:2317) [guava-17.0.jar:?]
	at com.google.common.cache.LocalCache$Segment.lockedGetOrLoad(LocalCache.java:2280) [guava-17.0.jar:?]
	at com.google.common.cache.LocalCache$Segment.get(LocalCache.java:2195) [guava-17.0.jar:?]
	at com.google.common.cache.LocalCache.get(LocalCache.java:3934) [guava-17.0.jar:?]
	at com.google.common.cache.LocalCache.getOrLoad(LocalCache.java:3938) [guava-17.0.jar:?]
	at com.google.common.cache.LocalCache$LocalLoadingCache.get(LocalCache.java:4821) [guava-17.0.jar:?]
	at com.google.common.cache.LocalCache$LocalLoadingCache.getUnchecked(LocalCache.java:4827) [guava-17.0.jar:?]
	at com.mojang.authlib.yggdrasil.YggdrasilMinecraftSessionService.fillProfileProperties(YggdrasilMinecraftSessionService.java:170) [YggdrasilMinecraftSessionService.class:?]
	at net.minecraft.client.Minecraft.getProfileProperties(Minecraft.java:3056) [Minecraft.class:?]
	at net.minecraft.client.resources.SkinManager$3.run(SkinManager.java:138) [SkinManager$3.class:?]
	at java.util.concurrent.Executors$RunnableAdapter.call(Unknown Source) [?:1.8.0_121]
	at java.util.concurrent.FutureTask.run(Unknown Source) [?:1.8.0_121]
	at java.util.concurrent.ThreadPoolExecutor.runWorker(Unknown Source) [?:1.8.0_121]
	at java.util.concurrent.ThreadPoolExecutor$Worker.run(Unknown Source) [?:1.8.0_121]
	at java.lang.Thread.run(Unknown Source) [?:1.8.0_121]
